<?xml version="1.0" encoding="UTF-8"?>
<!-- Generated by org.testng.reporters.JUnitXMLReporter -->
<testsuite ignored="0" hostname="CT00754" failures="2" tests="5" name="Test" time="116.705" errors="0" timestamp="2023-08-04T14:39:13 IST">
  <testcase classname="tests.Login" name="UserLogin" time="7.693"/>
  <testcase classname="tests.Login" name="UserLogin" time="11.808"/>
  <testcase classname="tests.SearchandOrder" name="searchproduct" time="7.341"/>
  <testcase classname="tests.SearchandOrder2" name="searchproduct" time="15.054">
    <failure type="org.openqa.selenium.ElementNotInteractableException" message="element not interactable
  (Session info: MicrosoftEdge=115.0.1901.188)
Build info: version: &amp;apos;4.9.0&amp;apos;, revision: &amp;apos;d7057100a6&amp;apos;
System info: os.name: &amp;apos;Windows 10&amp;apos;, os.arch: &amp;apos;amd64&amp;apos;, os.version: &amp;apos;10.0&amp;apos;, java.version: &amp;apos;19.0.2&amp;apos;
Driver info: org.openqa.selenium.edge.EdgeDriver
Command: [01252eb65cd3b3eed5121cb44850b886, clickElement {id=6ACFD6C6EBAF75A84B7F010842F0E541_element_48}]
Capabilities {acceptInsecureCerts: false, browserName: msedge, browserVersion: 115.0.1901.188, ms:edgeOptions: {debuggerAddress: localhost:60729}, msedge: {msedgedriverVersion: 115.0.1901.188 (b51b39339c4..., userDataDir: C:\Windows\TEMP\scoped_dir1...}, networkConnectionEnabled: false, pageLoadStrategy: normal, platformName: WINDOWS, proxy: Proxy(), se:cdp: ws://localhost:60729/devtoo..., se:cdpVersion: 115.0.1901.188, setWindowRect: true, strictFileInteractability: false, timeouts: {implicit: 0, pageLoad: 300000, script: 30000}, unhandledPromptBehavior: dismiss and notify, webauthn:extension:credBlob: true, webauthn:extension:largeBlob: true, webauthn:extension:minPinLength: true, webauthn:extension:prf: true, webauthn:virtualAuthenticators: true}
Element: [[EdgeDriver: msedge on WINDOWS (01252eb65cd3b3eed5121cb44850b886)] -&amp;gt; id: buy-now-button]
Session ID: 01252eb65cd3b3eed5121cb44850b886">
      <![CDATA[org.openqa.selenium.ElementNotInteractableException: element not interactable
  (Session info: MicrosoftEdge=115.0.1901.188)
Build info: version: '4.9.0', revision: 'd7057100a6'
System info: os.name: 'Windows 10', os.arch: 'amd64', os.version: '10.0', java.version: '19.0.2'
Driver info: org.openqa.selenium.edge.EdgeDriver
Command: [01252eb65cd3b3eed5121cb44850b886, clickElement {id=6ACFD6C6EBAF75A84B7F010842F0E541_element_48}]
Capabilities {acceptInsecureCerts: false, browserName: msedge, browserVersion: 115.0.1901.188, ms:edgeOptions: {debuggerAddress: localhost:60729}, msedge: {msedgedriverVersion: 115.0.1901.188 (b51b39339c4..., userDataDir: C:\Windows\TEMP\scoped_dir1...}, networkConnectionEnabled: false, pageLoadStrategy: normal, platformName: WINDOWS, proxy: Proxy(), se:cdp: ws://localhost:60729/devtoo..., se:cdpVersion: 115.0.1901.188, setWindowRect: true, strictFileInteractability: false, timeouts: {implicit: 0, pageLoad: 300000, script: 30000}, unhandledPromptBehavior: dismiss and notify, webauthn:extension:credBlob: true, webauthn:extension:largeBlob: true, webauthn:extension:minPinLength: true, webauthn:extension:prf: true, webauthn:virtualAuthenticators: true}
Element: [[EdgeDriver: msedge on WINDOWS (01252eb65cd3b3eed5121cb44850b886)] -> id: buy-now-button]
Session ID: 01252eb65cd3b3eed5121cb44850b886
at org.openqa.selenium.remote.codec.w3c.W3CHttpResponseCodec.createException(W3CHttpResponseCodec.java:200)
at org.openqa.selenium.remote.codec.w3c.W3CHttpResponseCodec.decode(W3CHttpResponseCodec.java:133)
at org.openqa.selenium.remote.codec.w3c.W3CHttpResponseCodec.decode(W3CHttpResponseCodec.java:53)
at org.openqa.selenium.remote.HttpCommandExecutor.execute(HttpCommandExecutor.java:193)
at org.openqa.selenium.remote.service.DriverCommandExecutor.invokeExecute(DriverCommandExecutor.java:183)
at org.openqa.selenium.remote.service.DriverCommandExecutor.execute(DriverCommandExecutor.java:158)
at org.openqa.selenium.remote.RemoteWebDriver.execute(RemoteWebDriver.java:543)
at org.openqa.selenium.remote.RemoteWebElement.execute(RemoteWebElement.java:257)
at org.openqa.selenium.remote.RemoteWebElement.click(RemoteWebElement.java:78)
at org.openqa.selenium.support.pagefactory.internal.LocatingElementHandler.invoke(LocatingElementHandler.java:52)
at jdk.proxy2/jdk.proxy2.$Proxy18.click(Unknown Source)
at reusablemethods.ReusablemethodsHomepage1.buynow(ReusablemethodsHomepage1.java:47)
at tests.SearchandOrder2.searchproduct(SearchandOrder2.java:27)
at java.base/java.util.ArrayList.forEach(ArrayList.java:1511)
... Removed 30 stack frames]]>
    </failure>
  </testcase> <!-- searchproduct -->
  <testcase classname="tests.AddToCartandDelete" name="searchproduct" time="20.974">
    <failure type="org.openqa.selenium.ElementNotInteractableException" message="element not interactable
  (Session info: MicrosoftEdge=115.0.1901.188)
Build info: version: &amp;apos;4.9.0&amp;apos;, revision: &amp;apos;d7057100a6&amp;apos;
System info: os.name: &amp;apos;Windows 10&amp;apos;, os.arch: &amp;apos;amd64&amp;apos;, os.version: &amp;apos;10.0&amp;apos;, java.version: &amp;apos;19.0.2&amp;apos;
Driver info: org.openqa.selenium.edge.EdgeDriver
Command: [4460e51b5e1784d8c49ed8658a8f3fa9, clickElement {id=E227CD56BD9102B925EFA31418BB89D4_element_50}]
Capabilities {acceptInsecureCerts: false, browserName: msedge, browserVersion: 115.0.1901.188, ms:edgeOptions: {debuggerAddress: localhost:60943}, msedge: {msedgedriverVersion: 115.0.1901.188 (b51b39339c4..., userDataDir: C:\Windows\TEMP\scoped_dir1...}, networkConnectionEnabled: false, pageLoadStrategy: normal, platformName: WINDOWS, proxy: Proxy(), se:cdp: ws://localhost:60943/devtoo..., se:cdpVersion: 115.0.1901.188, setWindowRect: true, strictFileInteractability: false, timeouts: {implicit: 0, pageLoad: 300000, script: 30000}, unhandledPromptBehavior: dismiss and notify, webauthn:extension:credBlob: true, webauthn:extension:largeBlob: true, webauthn:extension:minPinLength: true, webauthn:extension:prf: true, webauthn:virtualAuthenticators: true}
Element: [[EdgeDriver: msedge on WINDOWS (4460e51b5e1784d8c49ed8658a8f3fa9)] -&amp;gt; id: add-to-cart-button]
Session ID: 4460e51b5e1784d8c49ed8658a8f3fa9">
      <![CDATA[org.openqa.selenium.ElementNotInteractableException: element not interactable
  (Session info: MicrosoftEdge=115.0.1901.188)
Build info: version: '4.9.0', revision: 'd7057100a6'
System info: os.name: 'Windows 10', os.arch: 'amd64', os.version: '10.0', java.version: '19.0.2'
Driver info: org.openqa.selenium.edge.EdgeDriver
Command: [4460e51b5e1784d8c49ed8658a8f3fa9, clickElement {id=E227CD56BD9102B925EFA31418BB89D4_element_50}]
Capabilities {acceptInsecureCerts: false, browserName: msedge, browserVersion: 115.0.1901.188, ms:edgeOptions: {debuggerAddress: localhost:60943}, msedge: {msedgedriverVersion: 115.0.1901.188 (b51b39339c4..., userDataDir: C:\Windows\TEMP\scoped_dir1...}, networkConnectionEnabled: false, pageLoadStrategy: normal, platformName: WINDOWS, proxy: Proxy(), se:cdp: ws://localhost:60943/devtoo..., se:cdpVersion: 115.0.1901.188, setWindowRect: true, strictFileInteractability: false, timeouts: {implicit: 0, pageLoad: 300000, script: 30000}, unhandledPromptBehavior: dismiss and notify, webauthn:extension:credBlob: true, webauthn:extension:largeBlob: true, webauthn:extension:minPinLength: true, webauthn:extension:prf: true, webauthn:virtualAuthenticators: true}
Element: [[EdgeDriver: msedge on WINDOWS (4460e51b5e1784d8c49ed8658a8f3fa9)] -> id: add-to-cart-button]
Session ID: 4460e51b5e1784d8c49ed8658a8f3fa9
at org.openqa.selenium.remote.codec.w3c.W3CHttpResponseCodec.createException(W3CHttpResponseCodec.java:200)
at org.openqa.selenium.remote.codec.w3c.W3CHttpResponseCodec.decode(W3CHttpResponseCodec.java:133)
at org.openqa.selenium.remote.codec.w3c.W3CHttpResponseCodec.decode(W3CHttpResponseCodec.java:53)
at org.openqa.selenium.remote.HttpCommandExecutor.execute(HttpCommandExecutor.java:193)
at org.openqa.selenium.remote.service.DriverCommandExecutor.invokeExecute(DriverCommandExecutor.java:183)
at org.openqa.selenium.remote.service.DriverCommandExecutor.execute(DriverCommandExecutor.java:158)
at org.openqa.selenium.remote.RemoteWebDriver.execute(RemoteWebDriver.java:543)
at org.openqa.selenium.remote.RemoteWebElement.execute(RemoteWebElement.java:257)
at org.openqa.selenium.remote.RemoteWebElement.click(RemoteWebElement.java:78)
at org.openqa.selenium.support.pagefactory.internal.LocatingElementHandler.invoke(LocatingElementHandler.java:52)
at jdk.proxy2/jdk.proxy2.$Proxy18.click(Unknown Source)
at reusablemethods.ReusablemethodsHomepage1.Addto_cart(ReusablemethodsHomepage1.java:60)
at tests.AddToCartandDelete.searchproduct(AddToCartandDelete.java:36)
at java.base/java.util.ArrayList.forEach(ArrayList.java:1511)
... Removed 30 stack frames]]>
    </failure>
  </testcase> <!-- searchproduct -->
</testsuite> <!-- Test -->
